<?xml version="1.0" encoding="UTF-8"?>
<!-- Generated by org.testng.reporters.JUnitXMLReporter -->
<testsuite hostname="EPINHYDW0957" ignored="0" name="Test" tests="1" failures="1" timestamp="27 Nov 2019 10:39:26 GMT" time="14.788" errors="0">
  <testcase name="registerNewCustomer" time="5.189" classname="com.epam.tests.CreateNewCustomer_002">
    <failure type="java.lang.AssertionError" message="expected [true] but found [false]">
      <![CDATA[java.lang.AssertionError: expected [true] but found [false]
at com.epam.tests.CreateNewCustomer_002.registerNewCustomer(CreateNewCustomer_002.java:92)
... Removed 29 stack frames]]>
    </failure>
  </testcase> <!-- registerNewCustomer -->
</testsuite> <!-- Test -->
