<?xml version="1.0" encoding="UTF-8"?>
<!-- Generated by org.testng.reporters.JUnitXMLReporter -->
<testsuite hostname="EPINHYDW0957" ignored="0" name="Test1" tests="1" failures="1" timestamp="28 Nov 2019 07:11:02 GMT" time="12.939" errors="0">
  <testcase name="registerNewCustomer" time="8.314" classname="com.epam.tests.CreateNewCustomer_002">
    <failure type="java.lang.AssertionError" message="expected [true] but found [false]">
      <![CDATA[java.lang.AssertionError: expected [true] but found [false]
at com.epam.tests.CreateNewCustomer_002.registerNewCustomer(CreateNewCustomer_002.java:93)
at java.util.concurrent.FutureTask.run(FutureTask.java:266)
at java.util.concurrent.ThreadPoolExecutor.runWorker(ThreadPoolExecutor.java:1149)
at java.util.concurrent.ThreadPoolExecutor$Worker.run(ThreadPoolExecutor.java:624)
at java.lang.Thread.run(Thread.java:748)
... Removed 20 stack frames]]>
    </failure>
  </testcase> <!-- registerNewCustomer -->
</testsuite> <!-- Test1 -->
